<?xml version="1.0" encoding="UTF-8"?>
<testng-results skipped="0" failed="1" total="2" passed="1">
  <reporter-output>
  </reporter-output>
  <suite name="Default suite" duration-ms="37384" started-at="2020-01-09T07:11:23Z" finished-at="2020-01-09T07:12:00Z">
    <groups>
    </groups>
    <test name="Default test" duration-ms="37384" started-at="2020-01-09T07:11:23Z" finished-at="2020-01-09T07:12:00Z">
      <class name="demowebshoptest1.Verifyloginandregistration">
        <test-method status="PASS" signature="startapp()[pri:0, instance:demowebshoptest1.Verifyloginandregistration@3c756e4d]" name="startapp" is-config="true" duration-ms="14979" started-at="2020-01-09T12:41:23Z" finished-at="2020-01-09T12:41:38Z">
          <reporter-output>
          </reporter-output>
        </test-method> <!-- startapp -->
        <test-method status="FAIL" signature="checkregister()[pri:0, instance:demowebshoptest1.Verifyloginandregistration@3c756e4d]" name="checkregister" duration-ms="4749" started-at="2020-01-09T12:41:38Z" finished-at="2020-01-09T12:41:43Z">
          <exception class="org.openqa.selenium.NoSuchElementException">
            <message>
              <![CDATA[no such element: Unable to locate element: {"method":"xpath","selector":"//a[contains(text(),'janu9819@gmail.com')]"}
  (Session info: chrome=79.0.3945.88)
  (Driver info: chromedriver=79.0.3945.36 (3582db32b33893869b8c1339e8f4d9ed1816f143-refs/branch-heads/3945@{#614}),platform=Windows NT 10.0.18363 x86_64) (WARNING: The server did not provide any stacktrace information)
Command duration or timeout: 42 milliseconds
For documentation on this error, please visit: http://seleniumhq.org/exceptions/no_such_element.html
Build info: version: '2.53.1', revision: 'a36b8b1', time: '2016-06-30 17:37:03'
System info: host: 'IBM-Testing01', ip: '169.254.52.243', os.name: 'Windows 10', os.arch: 'amd64', os.version: '10.0', java.version: '1.8.0_151'
Driver info: org.openqa.selenium.chrome.ChromeDriver
Capabilities [{mobileEmulationEnabled=false, timeouts={implicit=0, pageLoad=300000, script=30000}, hasTouchScreen=false, platform=XP, acceptSslCerts=false, goog:chromeOptions={debuggerAddress=localhost:62450}, acceptInsecureCerts=false, webStorageEnabled=true, browserName=chrome, takesScreenshot=true, javascriptEnabled=true, setWindowRect=true, unexpectedAlertBehaviour=ignore, applicationCacheEnabled=false, rotatable=false, networkConnectionEnabled=false, chrome={chromedriverVersion=79.0.3945.36 (3582db32b33893869b8c1339e8f4d9ed1816f143-refs/branch-heads/3945@{#614}), userDataDir=C:\Users\IBM\AppData\Local\Temp\scoped_dir27748_605869030}, takesHeapSnapshot=true, pageLoadStrategy=normal, strictFileInteractability=false, databaseEnabled=false, handlesAlerts=true, version=79.0.3945.88, browserConnectionEnabled=false, proxy={}, nativeEvents=true, locationContextEnabled=true, cssSelectorsEnabled=true}]
Session ID: bac48a61e6c5738d9a217da029099b4f
*** Element info: {Using=xpath, value=//a[contains(text(),'janu9819@gmail.com')]}]]>
            </message>
            <full-stacktrace>
              <![CDATA[org.openqa.selenium.NoSuchElementException: no such element: Unable to locate element: {"method":"xpath","selector":"//a[contains(text(),'janu9819@gmail.com')]"}
  (Session info: chrome=79.0.3945.88)
  (Driver info: chromedriver=79.0.3945.36 (3582db32b33893869b8c1339e8f4d9ed1816f143-refs/branch-heads/3945@{#614}),platform=Windows NT 10.0.18363 x86_64) (WARNING: The server did not provide any stacktrace information)
Command duration or timeout: 42 milliseconds
For documentation on this error, please visit: http://seleniumhq.org/exceptions/no_such_element.html
Build info: version: '2.53.1', revision: 'a36b8b1', time: '2016-06-30 17:37:03'
System info: host: 'IBM-Testing01', ip: '169.254.52.243', os.name: 'Windows 10', os.arch: 'amd64', os.version: '10.0', java.version: '1.8.0_151'
Driver info: org.openqa.selenium.chrome.ChromeDriver
Capabilities [{mobileEmulationEnabled=false, timeouts={implicit=0, pageLoad=300000, script=30000}, hasTouchScreen=false, platform=XP, acceptSslCerts=false, goog:chromeOptions={debuggerAddress=localhost:62450}, acceptInsecureCerts=false, webStorageEnabled=true, browserName=chrome, takesScreenshot=true, javascriptEnabled=true, setWindowRect=true, unexpectedAlertBehaviour=ignore, applicationCacheEnabled=false, rotatable=false, networkConnectionEnabled=false, chrome={chromedriverVersion=79.0.3945.36 (3582db32b33893869b8c1339e8f4d9ed1816f143-refs/branch-heads/3945@{#614}), userDataDir=C:\Users\IBM\AppData\Local\Temp\scoped_dir27748_605869030}, takesHeapSnapshot=true, pageLoadStrategy=normal, strictFileInteractability=false, databaseEnabled=false, handlesAlerts=true, version=79.0.3945.88, browserConnectionEnabled=false, proxy={}, nativeEvents=true, locationContextEnabled=true, cssSelectorsEnabled=true}]
Session ID: bac48a61e6c5738d9a217da029099b4f
*** Element info: {Using=xpath, value=//a[contains(text(),'janu9819@gmail.com')]}
	at sun.reflect.NativeConstructorAccessorImpl.newInstance0(Native Method)
	at sun.reflect.NativeConstructorAccessorImpl.newInstance(Unknown Source)
	at sun.reflect.DelegatingConstructorAccessorImpl.newInstance(Unknown Source)
	at java.lang.reflect.Constructor.newInstance(Unknown Source)
	at org.openqa.selenium.remote.ErrorHandler.createThrowable(ErrorHandler.java:206)
	at org.openqa.selenium.remote.ErrorHandler.throwIfResponseFailed(ErrorHandler.java:158)
	at org.openqa.selenium.remote.RemoteWebDriver.execute(RemoteWebDriver.java:678)
	at org.openqa.selenium.remote.RemoteWebDriver.findElement(RemoteWebDriver.java:363)
	at org.openqa.selenium.remote.RemoteWebDriver.findElementByXPath(RemoteWebDriver.java:500)
	at org.openqa.selenium.By$ByXPath.findElement(By.java:361)
	at org.openqa.selenium.remote.RemoteWebDriver.findElement(RemoteWebDriver.java:355)
	at demowebshoptest1.Verifyloginandregistration.checkregister(Verifyloginandregistration.java:43)
	at sun.reflect.NativeMethodAccessorImpl.invoke0(Native Method)
	at sun.reflect.NativeMethodAccessorImpl.invoke(Unknown Source)
	at sun.reflect.DelegatingMethodAccessorImpl.invoke(Unknown Source)
	at java.lang.reflect.Method.invoke(Unknown Source)
	at org.testng.internal.MethodInvocationHelper.invokeMethod(MethodInvocationHelper.java:85)
	at org.testng.internal.Invoker.invokeMethod(Invoker.java:639)
	at org.testng.internal.Invoker.invokeTestMethod(Invoker.java:816)
	at org.testng.internal.Invoker.invokeTestMethods(Invoker.java:1124)
	at org.testng.internal.TestMethodWorker.invokeTestMethods(TestMethodWorker.java:125)
	at org.testng.internal.TestMethodWorker.run(TestMethodWorker.java:108)
	at org.testng.TestRunner.privateRun(TestRunner.java:774)
	at org.testng.TestRunner.run(TestRunner.java:624)
	at org.testng.SuiteRunner.runTest(SuiteRunner.java:359)
	at org.testng.SuiteRunner.runSequentially(SuiteRunner.java:354)
	at org.testng.SuiteRunner.privateRun(SuiteRunner.java:312)
	at org.testng.SuiteRunner.run(SuiteRunner.java:261)
	at org.testng.SuiteRunnerWorker.runSuite(SuiteRunnerWorker.java:52)
	at org.testng.SuiteRunnerWorker.run(SuiteRunnerWorker.java:86)
	at org.testng.TestNG.runSuitesSequentially(TestNG.java:1215)
	at org.testng.TestNG.runSuitesLocally(TestNG.java:1140)
	at org.testng.TestNG.run(TestNG.java:1048)
	at org.testng.remote.AbstractRemoteTestNG.run(AbstractRemoteTestNG.java:114)
	at org.testng.remote.RemoteTestNG.initAndRun(RemoteTestNG.java:251)
	at org.testng.remote.RemoteTestNG.main(RemoteTestNG.java:77)
]]>
            </full-stacktrace>
          </exception> <!-- org.openqa.selenium.NoSuchElementException -->
          <reporter-output>
          </reporter-output>
        </test-method> <!-- checkregister -->
        <test-method status="PASS" signature="close()[pri:0, instance:demowebshoptest1.Verifyloginandregistration@3c756e4d]" name="close" is-config="true" duration-ms="284" started-at="2020-01-09T12:41:43Z" finished-at="2020-01-09T12:41:43Z">
          <reporter-output>
          </reporter-output>
        </test-method> <!-- close -->
        <test-method status="PASS" signature="startapp()[pri:0, instance:demowebshoptest1.Verifyloginandregistration@3c756e4d]" name="startapp" is-config="true" duration-ms="12780" started-at="2020-01-09T12:41:43Z" finished-at="2020-01-09T12:41:56Z">
          <reporter-output>
          </reporter-output>
        </test-method> <!-- startapp -->
        <test-method status="PASS" signature="checklogin()[pri:1, instance:demowebshoptest1.Verifyloginandregistration@3c756e4d]" name="checklogin" duration-ms="4327" started-at="2020-01-09T12:41:56Z" finished-at="2020-01-09T12:42:00Z">
          <reporter-output>
          </reporter-output>
        </test-method> <!-- checklogin -->
        <test-method status="PASS" signature="close()[pri:0, instance:demowebshoptest1.Verifyloginandregistration@3c756e4d]" name="close" is-config="true" duration-ms="220" started-at="2020-01-09T12:42:00Z" finished-at="2020-01-09T12:42:00Z">
          <reporter-output>
          </reporter-output>
        </test-method> <!-- close -->
      </class> <!-- demowebshoptest1.Verifyloginandregistration -->
    </test> <!-- Default test -->
  </suite> <!-- Default suite -->
</testng-results>
